  [1m[36m (1.2ms)[0m  [1mCREATE TABLE "schema_migrations" ("version" varchar NOT NULL) [0m
  [1m[35m (0.0ms)[0m  select sqlite_version(*)
  [1m[36m (1.0ms)[0m  [1mCREATE UNIQUE INDEX "unique_schema_migrations" ON "schema_migrations" ("version")[0m
  [1m[35mActiveRecord::SchemaMigration Load (0.1ms)[0m  SELECT "schema_migrations".* FROM "schema_migrations"
  [1m[36mActiveRecord::SchemaMigration Load (0.1ms)[0m  [1mSELECT "schema_migrations".* FROM "schema_migrations"[0m
Migrating to CreatePosts (20151230232412)
  [1m[35m (0.1ms)[0m  begin transaction
  [1m[36m (0.4ms)[0m  [1mCREATE TABLE "posts" ("id" INTEGER PRIMARY KEY AUTOINCREMENT NOT NULL, "title" varchar, "description" text, "created_at" datetime NOT NULL, "updated_at" datetime NOT NULL) [0m
  [1m[35mSQL (0.2ms)[0m  INSERT INTO "schema_migrations" ("version") VALUES (?)  [["version", "20151230232412"]]
  [1m[36m (1.3ms)[0m  [1mcommit transaction[0m
  [1m[35mActiveRecord::SchemaMigration Load (0.1ms)[0m  SELECT "schema_migrations".* FROM "schema_migrations"


Started GET "/posts/new" for ::1 at 2015-12-31 13:44:56 -0600
  [1m[36mActiveRecord::SchemaMigration Load (0.1ms)[0m  [1mSELECT "schema_migrations".* FROM "schema_migrations"[0m
Processing by PostsController#new as HTML
  Rendered posts/new.html.erb within layouts/application (2.1ms)
Completed 200 OK in 347ms (Views: 326.8ms | ActiveRecord: 0.2ms)


Started GET "/assets/application.self-e80e8f2318043e8af94dddc2adad5a4f09739a8ebb323b3ab31cd71d45fd9113.css?body=1" for ::1 at 2015-12-31 13:44:57 -0600


Started GET "/assets/application.self-3b8dabdc891efe46b9a144b400ad69e37d7e5876bdc39dee783419a69d7ca819.js?body=1" for ::1 at 2015-12-31 13:44:57 -0600


Started POST "/posts" for ::1 at 2015-12-31 13:45:03 -0600
Processing by PostsController#create as HTML
  Parameters: {"utf8"=>"✓", "authenticity_token"=>"mFCuNJP5reOW19phdr4zXRLzOMo4NZQ3wneiVR+RO/+owIoDiOxh24iHKkZ7DGazxbSIoRmvIOmJgA4gog1sGg==", "title"=>"Rails Introduction Quiz", "description"=>"asdfasdf", "commit"=>"Submit Post"}
  [1m[35m (0.1ms)[0m  begin transaction
  [1m[36mSQL (0.4ms)[0m  [1mINSERT INTO "posts" ("title", "description", "created_at", "updated_at") VALUES (?, ?, ?, ?)[0m  [["title", "Rails Introduction Quiz"], ["description", "asdfasdf"], ["created_at", "2015-12-31 19:45:03.614973"], ["updated_at", "2015-12-31 19:45:03.614973"]]
  [1m[35m (1.2ms)[0m  commit transaction
Redirected to http://localhost:3000/posts/1
Completed 302 Found in 22ms (ActiveRecord: 1.7ms)


Started GET "/posts/1" for ::1 at 2015-12-31 13:45:03 -0600
Processing by PostsController#show as HTML
  Parameters: {"id"=>"1"}
  [1m[36mPost Load (0.2ms)[0m  [1mSELECT  "posts".* FROM "posts" WHERE "posts"."id" = ? LIMIT 1[0m  [["id", 1]]
  Rendered posts/show.html.erb within layouts/application (0.4ms)
Completed 200 OK in 27ms (Views: 10.4ms | ActiveRecord: 0.2ms)


Started GET "/" for ::1 at 2018-04-09 17:24:56 -0400
  [1m[36mActiveRecord::SchemaMigration Load (1.1ms)[0m  [1mSELECT "schema_migrations".* FROM "schema_migrations"[0m
Processing by Rails::WelcomeController#index as HTML
  Rendered /Users/maxgrok/.rvm/gems/ruby-2.3.3/gems/railties-4.2.10/lib/rails/templates/rails/welcome/index.html.erb (1.6ms)
Completed 200 OK in 45ms (Views: 33.9ms | ActiveRecord: 0.0ms)


Started GET "/posts" for ::1 at 2018-04-09 17:25:00 -0400
Processing by PostsController#index as HTML
  [1m[35mPost Load (1.4ms)[0m  SELECT "posts".* FROM "posts"
  Rendered posts/index.html.erb within layouts/application (9.8ms)
Completed 200 OK in 668ms (Views: 662.1ms | ActiveRecord: 1.8ms)


Started GET "/posts/1" for ::1 at 2018-04-09 17:25:06 -0400
Processing by PostsController#show as HTML
  Parameters: {"id"=>"1"}
  [1m[36mPost Load (0.3ms)[0m  [1mSELECT  "posts".* FROM "posts" WHERE "posts"."id" = ? LIMIT 1[0m  [["id", 1]]
  Rendered posts/show.html.erb within layouts/application (0.7ms)
Completed 200 OK in 45ms (Views: 29.7ms | ActiveRecord: 0.3ms)


Started GET "/posts/new" for ::1 at 2018-04-09 17:25:12 -0400
Processing by PostsController#new as HTML
  Rendered posts/new.html.erb within layouts/application (1.4ms)
Completed 200 OK in 28ms (Views: 25.9ms | ActiveRecord: 0.0ms)


Started POST "/posts" for ::1 at 2018-04-09 17:25:17 -0400
Processing by PostsController#create as HTML
  Parameters: {"utf8"=>"✓", "authenticity_token"=>"dAPE9XJOMZLNHC1xZgwopl7scLcSW3YNYp8Bb+HYOqIv7u1uO5AYFeNTIizOA7qCqAs1wueP6wfkWXGdJwlf5w==", "title"=>"New Post", "description"=>"Post", "commit"=>"Submit Post"}
  [1m[35m (0.1ms)[0m  begin transaction
  [1m[36mSQL (1.5ms)[0m  [1mINSERT INTO "posts" ("title", "description", "created_at", "updated_at") VALUES (?, ?, ?, ?)[0m  [["title", "New Post"], ["description", "Post"], ["created_at", "2018-04-09 21:25:17.104279"], ["updated_at", "2018-04-09 21:25:17.104279"]]
  [1m[35m (1.6ms)[0m  commit transaction
Redirected to http://localhost:3000/posts/new
Completed 302 Found in 10ms (ActiveRecord: 3.2ms)


Started GET "/posts/new" for ::1 at 2018-04-09 17:25:17 -0400
Processing by PostsController#new as HTML
  Rendered posts/new.html.erb within layouts/application (0.7ms)
Completed 200 OK in 47ms (Views: 45.9ms | ActiveRecord: 0.0ms)


Started GET "/posts/new" for ::1 at 2018-04-09 17:27:45 -0400
  [1m[36mActiveRecord::SchemaMigration Load (0.2ms)[0m  [1mSELECT "schema_migrations".* FROM "schema_migrations"[0m
Processing by PostsController#new as HTML
  Rendered posts/new.html.erb within layouts/application (59.5ms)
Completed 500 Internal Server Error in 112ms (ActiveRecord: 1.0ms)

ActionView::Template::Error (undefined local variable or method `create_post_path' for #<#<Class:0x007fae9940ecd8>:0x007fae98b1dc00>
Did you mean?  create_post_index_path):
    1: <%= form_tag create_post_path do %>
    2:   <label>Post title:</label><br>
    3:   <%= text_field_tag :title %><br>
    4: 
  app/views/posts/new.html.erb:1:in `_app_views_posts_new_html_erb___455550089339806759_70193943685680'


  Rendered /Users/maxgrok/.rvm/gems/ruby-2.3.3/gems/actionpack-4.2.10/lib/action_dispatch/middleware/templates/rescues/_source.erb (7.6ms)
  Rendered /Users/maxgrok/.rvm/gems/ruby-2.3.3/gems/actionpack-4.2.10/lib/action_dispatch/middleware/templates/rescues/_trace.html.erb (2.9ms)
  Rendered /Users/maxgrok/.rvm/gems/ruby-2.3.3/gems/actionpack-4.2.10/lib/action_dispatch/middleware/templates/rescues/_request_and_response.html.erb (1.0ms)
  Rendered /Users/maxgrok/.rvm/gems/ruby-2.3.3/gems/actionpack-4.2.10/lib/action_dispatch/middleware/templates/rescues/template_error.html.erb within rescues/layout (77.6ms)


Started GET "/posts/new" for ::1 at 2018-04-09 17:28:20 -0400
  [1m[36mActiveRecord::SchemaMigration Load (0.2ms)[0m  [1mSELECT "schema_migrations".* FROM "schema_migrations"[0m
Processing by PostsController#new as HTML
  Rendered posts/new.html.erb within layouts/application (58.5ms)
Completed 500 Internal Server Error in 123ms (ActiveRecord: 0.5ms)

ActionView::Template::Error (undefined local variable or method `create_post_path' for #<#<Class:0x007f9695f8f650>:0x007f96946142c0>
Did you mean?  create_post_index_path):
    1: <%= form_tag create_post_path do %>
    2:   <label>Post title:</label><br>
    3:   <%= text_field_tag :title %><br>
    4: 
  app/views/posts/new.html.erb:1:in `_app_views_posts_new_html_erb___1303236304376033482_70142358878080'


  Rendered /Users/maxgrok/.rvm/gems/ruby-2.3.3/gems/actionpack-4.2.10/lib/action_dispatch/middleware/templates/rescues/_source.erb (12.7ms)
  Rendered /Users/maxgrok/.rvm/gems/ruby-2.3.3/gems/actionpack-4.2.10/lib/action_dispatch/middleware/templates/rescues/_trace.html.erb (4.6ms)
  Rendered /Users/maxgrok/.rvm/gems/ruby-2.3.3/gems/actionpack-4.2.10/lib/action_dispatch/middleware/templates/rescues/_request_and_response.html.erb (1.5ms)
  Rendered /Users/maxgrok/.rvm/gems/ruby-2.3.3/gems/actionpack-4.2.10/lib/action_dispatch/middleware/templates/rescues/template_error.html.erb within rescues/layout (123.7ms)


Started GET "/posts/new" for ::1 at 2018-04-09 17:28:53 -0400
  [1m[36mActiveRecord::SchemaMigration Load (0.2ms)[0m  [1mSELECT "schema_migrations".* FROM "schema_migrations"[0m
Processing by PostsController#new as HTML
  Rendered posts/new.html.erb within layouts/application (4.2ms)
Completed 200 OK in 512ms (Views: 468.5ms | ActiveRecord: 0.4ms)


Started POST "/posts" for ::1 at 2018-04-09 17:29:02 -0400
Processing by PostsController#create as HTML
  Parameters: {"utf8"=>"✓", "authenticity_token"=>"kVxgVqoqScVJeyOdC7c6008NxBi9/+n/NAkxLeC+R5nKsUnN4/RgQmc0LMCjuKj3ueqBbUgrdPWyz0HfJm8i3A==", "title"=>"New Post", "description"=>"Post", "commit"=>"Submit Post"}
  [1m[35m (0.1ms)[0m  begin transaction
  [1m[36mSQL (0.7ms)[0m  [1mINSERT INTO "posts" ("title", "description", "created_at", "updated_at") VALUES (?, ?, ?, ?)[0m  [["title", "New Post"], ["description", "Post"], ["created_at", "2018-04-09 21:29:02.899847"], ["updated_at", "2018-04-09 21:29:02.899847"]]
  [1m[35m (1.9ms)[0m  commit transaction
Completed 500 Internal Server Error in 49ms (ActiveRecord: 2.7ms)

NameError (undefined local variable or method `create_post_index_post' for #<PostsController:0x007fa5483d4a10>
Did you mean?  create_post_index_path
               create_post_index_url):
  app/controllers/posts_controller.rb:16:in `create'


  Rendered /Users/maxgrok/.rvm/gems/ruby-2.3.3/gems/actionpack-4.2.10/lib/action_dispatch/middleware/templates/rescues/_source.erb (8.3ms)
  Rendered /Users/maxgrok/.rvm/gems/ruby-2.3.3/gems/actionpack-4.2.10/lib/action_dispatch/middleware/templates/rescues/_trace.html.erb (3.4ms)
  Rendered /Users/maxgrok/.rvm/gems/ruby-2.3.3/gems/actionpack-4.2.10/lib/action_dispatch/middleware/templates/rescues/_request_and_response.html.erb (1.5ms)
  Rendered /Users/maxgrok/.rvm/gems/ruby-2.3.3/gems/actionpack-4.2.10/lib/action_dispatch/middleware/templates/rescues/diagnostics.html.erb within rescues/layout (93.8ms)


Started POST "/posts" for ::1 at 2018-04-09 17:29:49 -0400
  [1m[36mActiveRecord::SchemaMigration Load (0.2ms)[0m  [1mSELECT "schema_migrations".* FROM "schema_migrations"[0m
Processing by PostsController#create as HTML
  Parameters: {"utf8"=>"✓", "authenticity_token"=>"kVxgVqoqScVJeyOdC7c6008NxBi9/+n/NAkxLeC+R5nKsUnN4/RgQmc0LMCjuKj3ueqBbUgrdPWyz0HfJm8i3A==", "title"=>"New Post", "description"=>"Post", "commit"=>"Submit Post"}
  [1m[35m (0.2ms)[0m  begin transaction
  [1m[36mSQL (0.6ms)[0m  [1mINSERT INTO "posts" ("title", "description", "created_at", "updated_at") VALUES (?, ?, ?, ?)[0m  [["title", "New Post"], ["description", "Post"], ["created_at", "2018-04-09 21:29:50.365734"], ["updated_at", "2018-04-09 21:29:50.365734"]]
  [1m[35m (1.6ms)[0m  commit transaction
Redirected to http://localhost:3000/posts
Completed 302 Found in 45ms (ActiveRecord: 2.7ms)


Started GET "/posts" for ::1 at 2018-04-09 17:29:50 -0400
Processing by PostsController#index as HTML
  [1m[36mPost Load (0.4ms)[0m  [1mSELECT "posts".* FROM "posts"[0m
  Rendered posts/index.html.erb within layouts/application (4.2ms)
Completed 200 OK in 452ms (Views: 451.0ms | ActiveRecord: 0.4ms)


Started GET "/posts" for ::1 at 2018-04-09 17:30:38 -0400
  [1m[36mActiveRecord::SchemaMigration Load (0.2ms)[0m  [1mSELECT "schema_migrations".* FROM "schema_migrations"[0m
Processing by PostsController#index as HTML
  [1m[35mPost Load (0.2ms)[0m  SELECT "posts".* FROM "posts"
  Rendered posts/index.html.erb within layouts/application (20.6ms)
Completed 200 OK in 519ms (Views: 495.2ms | ActiveRecord: 0.9ms)


Started GET "/posts/nw" for ::1 at 2018-04-09 17:30:43 -0400
Processing by PostsController#show as HTML
  Parameters: {"id"=>"nw"}
  [1m[36mPost Load (0.2ms)[0m  [1mSELECT  "posts".* FROM "posts" WHERE "posts"."id" = ? LIMIT 1[0m  [["id", 0]]
Completed 404 Not Found in 15ms (ActiveRecord: 0.2ms)

ActiveRecord::RecordNotFound (Couldn't find Post with 'id'=nw):
  app/controllers/posts_controller.rb:7:in `show'


  Rendered /Users/maxgrok/.rvm/gems/ruby-2.3.3/gems/actionpack-4.2.10/lib/action_dispatch/middleware/templates/rescues/_source.erb (30.5ms)
  Rendered /Users/maxgrok/.rvm/gems/ruby-2.3.3/gems/actionpack-4.2.10/lib/action_dispatch/middleware/templates/rescues/_trace.html.erb (7.4ms)
  Rendered /Users/maxgrok/.rvm/gems/ruby-2.3.3/gems/actionpack-4.2.10/lib/action_dispatch/middleware/templates/rescues/_request_and_response.html.erb (2.1ms)
  Rendered /Users/maxgrok/.rvm/gems/ruby-2.3.3/gems/actionpack-4.2.10/lib/action_dispatch/middleware/templates/rescues/diagnostics.html.erb within rescues/layout (187.4ms)


Started GET "/posts/new" for ::1 at 2018-04-09 17:30:45 -0400
Processing by PostsController#new as HTML
  Rendered posts/new.html.erb within layouts/application (1.5ms)
Completed 200 OK in 26ms (Views: 23.5ms | ActiveRecord: 0.0ms)


Started POST "/posts" for ::1 at 2018-04-09 17:30:51 -0400
Processing by PostsController#create as HTML
  Parameters: {"utf8"=>"✓", "authenticity_token"=>"L8haJIMXi2sZqv1psgZO82oY/G0gsXehyxHIqxTpMUh0JXO/ysmi7Dfl8jQaCdzXnP+5GNVl6qtN17hZ0jhUDQ==", "title"=>"This is a new post", "description"=>"POst", "commit"=>"Submit Post"}
  [1m[35m (0.1ms)[0m  begin transaction
  [1m[36mSQL (0.8ms)[0m  [1mINSERT INTO "posts" ("title", "description", "created_at", "updated_at") VALUES (?, ?, ?, ?)[0m  [["title", "This is a new post"], ["description", "POst"], ["created_at", "2018-04-09 21:30:51.732995"], ["updated_at", "2018-04-09 21:30:51.732995"]]
  [1m[35m (3.4ms)[0m  commit transaction
Redirected to http://localhost:3000/posts/new
Completed 302 Found in 15ms (ActiveRecord: 4.2ms)


Started GET "/posts/new" for ::1 at 2018-04-09 17:30:51 -0400
Processing by PostsController#new as HTML
  Rendered posts/new.html.erb within layouts/application (0.5ms)
Completed 200 OK in 27ms (Views: 26.3ms | ActiveRecord: 0.0ms)


Started POST "/posts" for ::1 at 2018-04-09 17:31:16 -0400
  [1m[36mActiveRecord::SchemaMigration Load (0.2ms)[0m  [1mSELECT "schema_migrations".* FROM "schema_migrations"[0m
Processing by PostsController#create as HTML
  Parameters: {"utf8"=>"✓", "authenticity_token"=>"HgSU3+qwETD7p45RBji5lMTetd7RzhxWf8ij2+1rZVFF6b1Eo244t9XogQyuNyuwMjnwqyQagVz5DtMpK7oAFA==", "title"=>"Post Test", "description"=>"Post", "commit"=>"Submit Post"}
  [1m[35m (0.1ms)[0m  begin transaction
  [1m[36mSQL (0.5ms)[0m  [1mINSERT INTO "posts" ("title", "description", "created_at", "updated_at") VALUES (?, ?, ?, ?)[0m  [["title", "Post Test"], ["description", "Post"], ["created_at", "2018-04-09 21:31:17.506948"], ["updated_at", "2018-04-09 21:31:17.506948"]]
  [1m[35m (5.0ms)[0m  commit transaction
Completed 500 Internal Server Error in 40ms (ActiveRecord: 6.2ms)

ActionController::UrlGenerationError (No route matches {:action=>"show", :controller=>"posts"} missing required keys: [:id]):
  app/controllers/posts_controller.rb:16:in `create'


  Rendered /Users/maxgrok/.rvm/gems/ruby-2.3.3/gems/actionpack-4.2.10/lib/action_dispatch/middleware/templates/rescues/_source.erb (9.4ms)
  Rendered /Users/maxgrok/.rvm/gems/ruby-2.3.3/gems/actionpack-4.2.10/lib/action_dispatch/middleware/templates/rescues/_trace.html.erb (8.8ms)
  Rendered /Users/maxgrok/.rvm/gems/ruby-2.3.3/gems/actionpack-4.2.10/lib/action_dispatch/middleware/templates/rescues/_request_and_response.html.erb (1.8ms)
  Rendered /Users/maxgrok/.rvm/gems/ruby-2.3.3/gems/actionpack-4.2.10/lib/action_dispatch/middleware/templates/rescues/diagnostics.html.erb within rescues/layout (162.3ms)


Started GET "/posts" for ::1 at 2018-04-09 17:32:05 -0400
  [1m[36mActiveRecord::SchemaMigration Load (0.2ms)[0m  [1mSELECT "schema_migrations".* FROM "schema_migrations"[0m
Processing by PostsController#index as HTML
  [1m[35mPost Load (0.2ms)[0m  SELECT "posts".* FROM "posts"
  Rendered posts/index.html.erb within layouts/application (10.6ms)
Completed 200 OK in 474ms (Views: 451.6ms | ActiveRecord: 0.7ms)


Started GET "/posts/new" for ::1 at 2018-04-09 17:32:10 -0400
Processing by PostsController#new as HTML
  Rendered posts/new.html.erb within layouts/application (1.4ms)
Completed 200 OK in 20ms (Views: 19.0ms | ActiveRecord: 0.0ms)


Started POST "/posts" for ::1 at 2018-04-09 17:32:18 -0400
Processing by PostsController#create as HTML
  Parameters: {"utf8"=>"✓", "authenticity_token"=>"+FoSmm9Amqjj53T1tqkqfOm3BiZoy11IC1mPjN4/yPWjtzsBJp6zL82oe6geprhYH1BDU50fwEKNn/9+GO6tsA==", "title"=>"Post -- alpha", "description"=>"Alpha", "commit"=>"Submit Post"}
  [1m[36m (0.1ms)[0m  [1mbegin transaction[0m
  [1m[35mSQL (0.6ms)[0m  INSERT INTO "posts" ("title", "description", "created_at", "updated_at") VALUES (?, ?, ?, ?)  [["title", "Post -- alpha"], ["description", "Alpha"], ["created_at", "2018-04-09 21:32:18.151737"], ["updated_at", "2018-04-09 21:32:18.151737"]]
  [1m[36m (3.8ms)[0m  [1mcommit transaction[0m
Completed 500 Internal Server Error in 16ms (ActiveRecord: 4.5ms)

ActionController::UrlGenerationError (No route matches {:action=>"show", :controller=>"posts"} missing required keys: [:id]):
  app/controllers/posts_controller.rb:16:in `create'


  Rendered /Users/maxgrok/.rvm/gems/ruby-2.3.3/gems/actionpack-4.2.10/lib/action_dispatch/middleware/templates/rescues/_source.erb (6.0ms)
  Rendered /Users/maxgrok/.rvm/gems/ruby-2.3.3/gems/actionpack-4.2.10/lib/action_dispatch/middleware/templates/rescues/_trace.html.erb (2.9ms)
  Rendered /Users/maxgrok/.rvm/gems/ruby-2.3.3/gems/actionpack-4.2.10/lib/action_dispatch/middleware/templates/rescues/_request_and_response.html.erb (1.4ms)
  Rendered /Users/maxgrok/.rvm/gems/ruby-2.3.3/gems/actionpack-4.2.10/lib/action_dispatch/middleware/templates/rescues/diagnostics.html.erb within rescues/layout (93.1ms)


Started GET "/posts" for ::1 at 2018-04-09 17:32:47 -0400
  [1m[36mActiveRecord::SchemaMigration Load (0.1ms)[0m  [1mSELECT "schema_migrations".* FROM "schema_migrations"[0m
Processing by PostsController#index as HTML
  [1m[35mPost Load (0.2ms)[0m  SELECT "posts".* FROM "posts"
  Rendered posts/index.html.erb within layouts/application (12.1ms)
Completed 200 OK in 621ms (Views: 600.4ms | ActiveRecord: 0.6ms)


Started GET "/posts/new" for ::1 at 2018-04-09 17:32:53 -0400
Processing by PostsController#new as HTML
  Rendered posts/new.html.erb within layouts/application (1.6ms)
Completed 200 OK in 30ms (Views: 29.1ms | ActiveRecord: 0.0ms)


Started POST "/posts" for ::1 at 2018-04-09 17:32:57 -0400
Processing by PostsController#create as HTML
  Parameters: {"utf8"=>"✓", "authenticity_token"=>"vjHyuf0wrwQ639VjOWvzHEdxVpkBYYoOuAx2JhT6GKXl3NsitO6GgxSQ2j6RZGE4sZYT7PS1FwQ+ygbU0it94A==", "title"=>"Beat", "description"=>"Beat", "commit"=>"Submit Post"}
  [1m[36m (0.1ms)[0m  [1mbegin transaction[0m
  [1m[35mSQL (0.6ms)[0m  INSERT INTO "posts" ("title", "description", "created_at", "updated_at") VALUES (?, ?, ?, ?)  [["title", "Beat"], ["description", "Beat"], ["created_at", "2018-04-09 21:32:57.919463"], ["updated_at", "2018-04-09 21:32:57.919463"]]
  [1m[36m (1.5ms)[0m  [1mcommit transaction[0m
Redirected to http://localhost:3000/posts
Completed 302 Found in 12ms (ActiveRecord: 2.2ms)


Started GET "/posts" for ::1 at 2018-04-09 17:32:57 -0400
Processing by PostsController#index as HTML
  [1m[35mPost Load (0.3ms)[0m  SELECT "posts".* FROM "posts"
  Rendered posts/index.html.erb within layouts/application (1.3ms)
Completed 200 OK in 26ms (Views: 24.7ms | ActiveRecord: 0.3ms)
